<?xml version="1.0" encoding="UTF-8"?>
<!-- Generated by org.testng.reporters.JUnitReportReporter -->
<testsuite hostname="LAPTOP-KB6UDKRL" failures="0" tests="1" name="com.parameters.gitHubParamsTest" time="2.903" errors="0" timestamp="2021-12-10T16:37:41 IST" skipped="0">
  <testcase classname="com.parameters.gitHubParamsTest" name="pathAndQueryParam" time="2.903"/>
  <system-out/>
</testsuite> <!-- com.parameters.gitHubParamsTest -->
