<?xml version="1.0" encoding="UTF-8"?>
<!-- Generated by org.testng.reporters.JUnitReportReporter -->
<testsuite hostname="LAPTOP-KB6UDKRL" failures="0" tests="1" name="com.crudOperation.CreateResource" time="1.621" errors="0" timestamp="10 Nov 2021 12:51:44 GMT" skipped="0">
  <testcase classname="com.crudOperation.CreateResource" name="create" time="1.621"/>
</testsuite> <!-- com.crudOperation.CreateResource -->
