<?xml version="1.0" encoding="UTF-8"?>
<!-- Generated by org.testng.reporters.JUnitReportReporter -->
<testsuite hostname="LAPTOP-KB6UDKRL" failures="0" tests="1" name="com.channing.channingTest" time="1.921" errors="0" timestamp="11 Nov 2021 12:12:08 GMT" skipped="0">
  <testcase classname="com.channing.channingTest" name="requestChanning" time="1.921"/>
</testsuite> <!-- com.channing.channingTest -->
