<?xml version="1.0" encoding="UTF-8"?>
<!-- Generated by org.testng.reporters.JUnitReportReporter -->
<testsuite hostname="LAPTOP-KB6UDKRL" failures="0" tests="1" name="com.validationResponse.validateDynamicResponseTest" time="2.027" errors="0" timestamp="2021-12-10T16:47:53 IST" skipped="0">
  <testcase classname="com.validationResponse.validateDynamicResponseTest" name="validateDynamic" time="2.027"/>
  <system-out/>
</testsuite> <!-- com.validationResponse.validateDynamicResponseTest -->
