<?xml version="1.0" encoding="UTF-8"?>
<!-- Generated by org.testng.reporters.JUnitReportReporter -->
<testsuite hostname="LAPTOP-KB6UDKRL" failures="0" tests="1" name="com.crudOperation.GetAllProject" time="1.365" errors="0" timestamp="11 Nov 2021 12:05:12 GMT" skipped="0">
  <testcase classname="com.crudOperation.GetAllProject" name="getAllProjects" time="1.365"/>
</testsuite> <!-- com.crudOperation.GetAllProject -->
