<?xml version="1.0" encoding="UTF-8"?>
<!-- Generated by org.testng.reporters.JUnitReportReporter -->
<testsuite hostname="LAPTOP-KB6UDKRL" failures="0" tests="1" name="com.parameters.pathParametersTest" time="1.679" errors="0" timestamp="2021-12-10T16:42:28 IST" skipped="0">
  <testcase classname="com.parameters.pathParametersTest" name="pathparameter" time="1.679"/>
  <system-out/>
</testsuite> <!-- com.parameters.pathParametersTest -->
