<?xml version="1.0" encoding="UTF-8"?>
<!-- Generated by org.testng.reporters.JUnitReportReporter -->
<testsuite hostname="LAPTOP-KB6UDKRL" failures="0" tests="1" name="com.parameters.queryParameterTest" time="1.632" errors="0" timestamp="11 Nov 2021 11:29:11 GMT" skipped="0">
  <testcase classname="com.parameters.queryParameterTest" name="queryParameter" time="1.632"/>
</testsuite> <!-- com.parameters.queryParameterTest -->
