<?xml version="1.0" encoding="UTF-8"?>
<!-- Generated by org.testng.reporters.JUnitReportReporter -->
<testsuite hostname="LAPTOP-KB6UDKRL" failures="0" tests="1" name="com.crudOperationWithoutBDD.GetAllProjects" time="1.595" errors="0" timestamp="11 Nov 2021 05:55:37 GMT" skipped="0">
  <testcase classname="com.crudOperationWithoutBDD.GetAllProjects" name="getAllProjects" time="1.595"/>
</testsuite> <!-- com.crudOperationWithoutBDD.GetAllProjects -->
