<?xml version="1.0" encoding="UTF-8"?>
<!-- Generated by org.testng.reporters.JUnitReportReporter -->
<testsuite hostname="LAPTOP-KB6UDKRL" failures="0" tests="1" name="com.post4Types.postUsingPojoClass" time="1.825" errors="0" timestamp="11 Nov 2021 09:20:50 GMT" skipped="0">
  <testcase classname="com.post4Types.postUsingPojoClass" name="usingPojoLibrary" time="1.825"/>
</testsuite> <!-- com.post4Types.postUsingPojoClass -->
