<?xml version="1.0" encoding="UTF-8"?>
<!-- Generated by org.testng.reporters.JUnitReportReporter -->
<testsuite hostname="LAPTOP-KB6UDKRL" failures="0" tests="1" name="com.crudOperationWithoutBDD.getAllProjectsTest" time="1.570" errors="0" timestamp="2021-11-12T10:04:57 IST" skipped="0">
  <testcase classname="com.crudOperationWithoutBDD.getAllProjectsTest" name="getAllProjects" time="1.570"/>
  <system-out/>
</testsuite> <!-- com.crudOperationWithoutBDD.getAllProjectsTest -->
