<?xml version="1.0" encoding="UTF-8"?>
<!-- Generated by org.testng.reporters.JUnitReportReporter -->
<testsuite hostname="LAPTOP-KB6UDKRL" failures="0" tests="1" name="com.crudOperation.CompleteUpdate" time="1.586" errors="0" timestamp="10 Nov 2021 12:52:08 GMT" skipped="0">
  <testcase classname="com.crudOperation.CompleteUpdate" name="compleUpdate" time="1.586"/>
</testsuite> <!-- com.crudOperation.CompleteUpdate -->
