<?xml version="1.0" encoding="UTF-8"?>
<!-- Generated by org.testng.reporters.JUnitReportReporter -->
<testsuite hostname="LAPTOP-KB6UDKRL" failures="0" tests="1" name="com.post4Types.postUsingJsonObject" time="1.773" errors="0" timestamp="11 Nov 2021 07:21:37 GMT" skipped="0">
  <testcase classname="com.post4Types.postUsingJsonObject" name="usingjsonobject" time="1.773"/>
</testsuite> <!-- com.post4Types.postUsingJsonObject -->
