<?xml version="1.0" encoding="UTF-8"?>
<!-- Generated by org.testng.reporters.JUnitReportReporter -->
<testsuite hostname="LAPTOP-KB6UDKRL" failures="0" tests="2" name="com.post4Types.postRequestMultipleData" time="1.119" errors="0" timestamp="11 Nov 2021 11:15:41 GMT" skipped="0">
  <testcase classname="com.post4Types.postRequestMultipleData" name="postResquestMultipleData" time="0.020"/>
  <testcase classname="com.post4Types.postRequestMultipleData" name="postResquestMultipleData" time="1.099"/>
</testsuite> <!-- com.post4Types.postRequestMultipleData -->
