<?xml version="1.0" encoding="UTF-8"?>
<!-- Generated by org.testng.reporters.JUnitReportReporter -->
<testsuite hostname="LAPTOP-KB6UDKRL" failures="0" tests="1" name="com.authentication.bearerTokenTest" time="2.602" errors="0" timestamp="2021-12-10T17:11:55 IST" skipped="0">
  <testcase classname="com.authentication.bearerTokenTest" name="bearer" time="2.602"/>
  <system-out/>
</testsuite> <!-- com.authentication.bearerTokenTest -->
