<?xml version="1.0" encoding="UTF-8"?>
<!-- Generated by org.testng.reporters.JUnitReportReporter -->
<testsuite hostname="LAPTOP-KB6UDKRL" failures="0" tests="1" name="com.crudOperation.DeleteResponse" time="1.374" errors="0" timestamp="10 Nov 2021 12:52:47 GMT" skipped="0">
  <testcase classname="com.crudOperation.DeleteResponse" name="delete" time="1.374"/>
</testsuite> <!-- com.crudOperation.DeleteResponse -->
