<?xml version="1.0" encoding="UTF-8"?>
<!-- Generated by org.testng.reporters.JUnitReportReporter -->
<testsuite hostname="LAPTOP-KB6UDKRL" failures="0" tests="1" name="com.validationResponse.validateUsingStaticResponseTest" time="2.140" errors="0" timestamp="2021-12-10T16:50:33 IST" skipped="0">
  <testcase classname="com.validationResponse.validateUsingStaticResponseTest" name="staticResponseTest" time="2.140"/>
  <system-out/>
</testsuite> <!-- com.validationResponse.validateUsingStaticResponseTest -->
