<?xml version="1.0" encoding="UTF-8"?>
<!-- Generated by org.testng.reporters.JUnitReportReporter -->
<testsuite hostname="LAPTOP-KB6UDKRL" failures="0" tests="1" name="com.authentication.basicAuthTest" time="1.693" errors="0" timestamp="2021-12-10T17:03:32 IST" skipped="0">
  <testcase classname="com.authentication.basicAuthTest" name="authentication" time="1.693"/>
  <system-out/>
</testsuite> <!-- com.authentication.basicAuthTest -->
