<?xml version="1.0" encoding="UTF-8"?>
<!-- Generated by org.testng.reporters.JUnitReportReporter -->
<testsuite hostname="LAPTOP-KB6UDKRL" failures="0" tests="1" name="com.channing.channing1Test" time="2.016" errors="0" timestamp="2021-12-10T16:33:08 IST" skipped="0">
  <testcase classname="com.channing.channing1Test" name="requestChanning" time="2.016"/>
  <system-out/>
</testsuite> <!-- com.channing.channing1Test -->
